{"item": "wireless barcode scanner", "user": 761, "date": "2023-11-14T15:33:37Z"}
{"item": "robot vacuum", "user": 147, "date": "2023-11-14T15:33:37Z"}
{"item": "document camera", "user": 610, "date": "2023-11-14T15:33:37Z"}
{"item": "headphones", "user": 808, "date": "2023-11-14T15:33:37Z"}
{"item": "robotic kit", "user": 629, "date": "2023-11-14T15:33:37Z"}
{"item": "smart gloves", "user": 599, "date": "2023-11-14T15:33:37Z"}
{"item": "RFID tag", "user": 928, "date": "2023-11-14T15:33:37Z"}
{"item": "3D printer", "user": 375, "date": "2023-11-14T15:33:37Z"}
{"item": "computer processor", "user": 354, "date": "2023-11-14T15:33:37Z"}
{"item": "smart plug", "user": 732, "date": "2023-11-14T15:33:37Z"}
{"item": "robot vacuum cleaner", "user": 883, "date": "2023-11-14T15:33:37Z"}
{"item": "laptop", "user": 133, "date": "2023-11-14T15:33:37Z"}
{"item": "e-reader", "user": 582, "date": "2023-11-14T15:33:37Z"}
{"item": "smart doorbell", "user": 864, "date": "2023-11-14T15:33:37Z"}
{"item": "USB-C dock", "user": 383, "date": "2023-11-14T15:33:37Z"}
{"item": "power strip", "user": 810, "date": "2023-11-14T15:33:37Z"}
{"item": "scientific calculator", "user": 551, "date": "2023-11-14T15:33:37Z"}
{"item": "tablet", "user": 118, "date": "2023-11-14T15:33:37Z"}
{"item": "handheld scanner", "user": 403, "date": "2023-11-14T15:33:37Z"}
{"item": "smart ring", "user": 797, "date": "2023-11-14T15:33:37Z"}
{"item": "action camera", "user": 759, "date": "2023-11-14T15:33:37Z"}
{"item": "hard disk drive", "user": 986, "date": "2023-11-14T15:33:37Z"}
{"item": "laser pointer", "user": 356, "date": "2023-11-14T15:33:37Z"}
{"item": "USB microphone", "user": 64, "date": "2023-11-14T15:33:37Z"}
{"item": "robot arm", "user": 949, "date": "2023-11-14T15:33:37Z"}
{"item": "circuit simulator", "user": 923, "date": "2023-11-14T15:33:37Z"}
{"item": "wireless headphones", "user": 774, "date": "2023-11-14T15:33:37Z"}
{"item": "SIM card reader", "user": 45, "date": "2023-11-14T15:33:37Z"}
{"item": "power strip", "user": 205, "date": "2023-11-14T15:33:37Z"}
{"item": "robotic controller", "user": 249, "date": "2023-11-14T15:33:37Z"}
{"item": "wireless headphones", "user": 371, "date": "2023-11-14T15:33:37Z"}
{"item": "power bank", "user": 548, "date": "2023-11-14T15:33:37Z"}
{"item": "USB-C dock", "user": 310, "date": "2023-11-14T15:33:37Z"}
{"item": "ethernet cable", "user": 646, "date": "2023-11-14T15:33:37Z"}
{"item": "USB-C dock", "user": 894, "date": "2023-11-14T15:33:37Z"}
{"item": "wireless presenter", "user": 424, "date": "2023-11-14T15:33:37Z"}
{"item": "drone", "user": 698, "date": "2023-11-14T15:33:37Z"}
{"item": "external hard drive", "user": 209, "date": "2023-11-14T15:33:37Z"}
{"item": "universal remote", "user": 556, "date": "2023-11-14T15:33:37Z"}
{"item": "barcode scanner", "user": 442, "date": "2023-11-14T15:33:37Z"}
{"item": "document camera", "user": 211, "date": "2023-11-14T15:33:37Z"}
{"item": "drone", "user": 446, "date": "2023-11-14T15:33:37Z"}
{"item": "ethernet cable", "user": 733, "date": "2023-11-14T15:33:37Z"}
{"item": "video switcher", "user": 203, "date": "2023-11-14T15:33:37Z"}
{"item": "cord organizer", "user": 552, "date": "2023-11-14T15:33:37Z"}
{"item": "wireless presenter", "user": 838, "date": "2023-11-14T15:33:37Z"}
{"item": "USB microphone", "user": 603, "date": "2023-11-14T15:33:37Z"}
{"item": "router", "user": 199, "date": "2023-11-14T15:33:37Z"}
{"item": "monitor", "user": 242, "date": "2023-11-14T15:33:37Z"}
{"item": "wireless charger", "user": 885, "date": "2023-11-14T15:33:37Z"}
